<?xml version="1.0" encoding="UTF-8"?>
<!-- Generated by org.testng.reporters.JUnitXMLReporter -->
<testsuite ignored="2" hostname="Faruq" failures="0" tests="1" name="Default test" time="3.621" errors="0" timestamp="2024-08-25T11:57:10 EDT">
  <testcase classname="locators.DynamicXpath" name="userNameTest" time="0.122"/>
  <testcase classname="locators.DynamicXpath" name="passTest" time="0.0">
    <ignored/>
  </testcase> <!-- passTest -->
  <testcase classname="locators.DynamicXpath" name="startWithXpathFormula" time="0.0">
    <ignored/>
  </testcase> <!-- startWithXpathFormula -->
</testsuite> <!-- Default test -->
