<?xml version="1.0" encoding="UTF-8"?>
<!-- Generated by org.testng.reporters.JUnitXMLReporter -->
<testsuite ignored="0" hostname="Faruq" failures="0" tests="3" name="Default test" time="11.347" errors="0" timestamp="2024-09-01T12:03:41 EDT">
  <testcase classname="pageObjectModel.LoginTest" name="invalidLoginTest" time="0.326"/>
  <testcase classname="pageObjectModel.LoginTest" name="invalidUserLoginTest" time="0.521"/>
  <testcase classname="pageObjectModel.LoginTest" name="validLoginTest" time="0.685"/>
</testsuite> <!-- Default test -->
