<?xml version="1.0" encoding="UTF-8"?>
<!-- Generated by org.testng.reporters.JUnitXMLReporter -->
<testsuite ignored="2" hostname="Faruq" failures="0" tests="2" name="Smoke Test" time="7.935" errors="0" timestamp="2024-07-14T12:10:07 EDT">
  <testcase classname="facebookBase.LoginTest" name="validLoginTest" time="1.324"/>
  <testcase classname="facebookBase.LinkTest" name="messengerLinkTest" time="0.968"/>
  <testcase classname="facebookBase.LoginTest" name="invalidLoginTest" time="0.0">
    <ignored/>
  </testcase> <!-- invalidLoginTest -->
  <testcase classname="facebookBase.LinkTest" name="espanolLinkTest" time="0.0">
    <ignored/>
  </testcase> <!-- espanolLinkTest -->
</testsuite> <!-- Smoke Test -->
