<?xml version="1.0" encoding="UTF-8"?>
<!-- Generated by org.testng.reporters.JUnitXMLReporter -->
<testsuite ignored="0" hostname="Faruq" failures="0" tests="15" name="Regression Tests" time="68.441" errors="0" timestamp="2024-07-14T12:14:45 EDT">
  <testcase classname="facebookBase.LoginTest" name="validLoginTest" time="1.47"/>
  <testcase classname="facebookBase.LoginTest" name="invalidLoginTest" time="1.939"/>
  <testcase classname="webDriverCommand.FacebookUrlAndTitleTest2" name="titleTest" time="0.845"/>
  <testcase classname="webDriverCommand.FacebookUrlAndTitleTest2" name="urlTest" time="0.009"/>
  <testcase classname="facebookBase.LinkTest" name="messengerLinkTest" time="1.1"/>
  <testcase classname="facebookBase.LinkTest" name="espanolLinkTest" time="0.726"/>
  <testcase classname="webDriverCommand.FacebookUrlAndTitleTest" name="titleTest" time="0.009"/>
  <testcase classname="webDriverCommand.FacebookUrlAndTitleTest" name="urlTest" time="0.011"/>
  <testcase classname="facebookLinks.LinkTest" name="espanolLinkTest" time="0.591"/>
  <testcase classname="facebookLinks.LinkTest" name="hindiLinkTest" time="0.512"/>
  <testcase classname="facebookLogin.LoginTest" name="invalidLoginTest" time="16.436"/>
  <testcase classname="facebookLogin.LoginTest" name="validLoginTest" time="1.13"/>
  <testcase classname="webDriverCommand.HowToOpenBrowserAndApplication" name="openApplicationWithChrome" time="2.304"/>
  <testcase classname="webDriverCommand.HowToOpenBrowserAndApplication" name="openApplicationWithEdge" time="4.709"/>
  <testcase classname="webDriverCommand.HowToOpenBrowserAndApplication" name="openApplicationWithFirefox" time="7.983"/>
</testsuite> <!-- Regression Tests -->
