<?xml version="1.0" encoding="UTF-8"?>
<testng-results ignored="0" total="2" passed="2" failed="0" skipped="0">
  <reporter-output>
  </reporter-output>
  <suite started-at="2024-07-13T13:55:21 EDT" name="Default suite" finished-at="2024-07-13T13:55:27 EDT" duration-ms="5855">
    <groups>
    </groups>
    <test started-at="2024-07-13T13:55:21 EDT" name="Default test" finished-at="2024-07-13T13:55:27 EDT" duration-ms="5855">
      <class name="facebookLinks.EspanolLinkTest">
        <test-method is-config="true" signature="openApplication()[pri:0, instance:facebookLinks.EspanolLinkTest@1189dd52]" started-at="2024-07-13T13:55:21 EDT" name="openApplication" finished-at="2024-07-13T13:55:25 EDT" duration-ms="3584" status="PASS">
          <reporter-output>
          </reporter-output>
        </test-method> <!-- openApplication -->
        <test-method signature="espanolLinkTest()[pri:0, instance:facebookLinks.EspanolLinkTest@1189dd52]" started-at="2024-07-13T13:55:25 EDT" name="espanolLinkTest" finished-at="2024-07-13T13:55:26 EDT" duration-ms="667" status="PASS">
          <reporter-output>
          </reporter-output>
        </test-method> <!-- espanolLinkTest -->
        <test-method signature="hindiLinkTest()[pri:0, instance:facebookLinks.EspanolLinkTest@1189dd52]" started-at="2024-07-13T13:55:26 EDT" name="hindiLinkTest" finished-at="2024-07-13T13:55:27 EDT" duration-ms="1388" status="PASS">
          <reporter-output>
          </reporter-output>
        </test-method> <!-- hindiLinkTest -->
        <test-method is-config="true" signature="closeApplication()[pri:0, instance:facebookLinks.EspanolLinkTest@1189dd52]" started-at="2024-07-13T13:55:27 EDT" name="closeApplication" finished-at="2024-07-13T13:55:27 EDT" duration-ms="162" status="PASS">
          <reporter-output>
          </reporter-output>
        </test-method> <!-- closeApplication -->
      </class> <!-- facebookLinks.EspanolLinkTest -->
    </test> <!-- Default test -->
  </suite> <!-- Default suite -->
</testng-results>
