<?xml version="1.0" encoding="UTF-8"?>
<testng-results ignored="0" total="1" passed="1" failed="0" skipped="0">
  <reporter-output>
  </reporter-output>
  <suite started-at="2024-08-04T12:41:29 EDT" name="Default suite" finished-at="2024-08-04T12:41:38 EDT" duration-ms="9309">
    <groups>
    </groups>
    <test started-at="2024-08-04T12:41:29 EDT" name="Default test" finished-at="2024-08-04T12:41:38 EDT" duration-ms="9309">
      <class name="facebookBase.LoginTestWithMultipleBrowser">
        <test-method is-config="true" signature="openTest()[pri:0, instance:facebookBase.LoginTestWithMultipleBrowser@4fb0f2b9]" started-at="2024-08-04T12:41:29 EDT" name="openTest" finished-at="2024-08-04T12:41:35 EDT" duration-ms="6708" status="PASS">
          <reporter-output>
          </reporter-output>
        </test-method> <!-- openTest -->
        <test-method signature="loginTest()[pri:0, instance:facebookBase.LoginTestWithMultipleBrowser@4fb0f2b9]" started-at="2024-08-04T12:41:35 EDT" name="loginTest" finished-at="2024-08-04T12:41:37 EDT" duration-ms="1497" status="PASS">
          <reporter-output>
          </reporter-output>
        </test-method> <!-- loginTest -->
        <test-method is-config="true" signature="closeTest()[pri:0, instance:facebookBase.LoginTestWithMultipleBrowser@4fb0f2b9]" started-at="2024-08-04T12:41:37 EDT" name="closeTest" finished-at="2024-08-04T12:41:38 EDT" duration-ms="1058" status="PASS">
          <reporter-output>
          </reporter-output>
        </test-method> <!-- closeTest -->
      </class> <!-- facebookBase.LoginTestWithMultipleBrowser -->
    </test> <!-- Default test -->
  </suite> <!-- Default suite -->
</testng-results>
